2024-08-02T18:06:05+03:00	[34mINFO[0m	service/main.go:54	(main) >> Starting app...
2024-08-02T18:06:05+03:00	[34mINFO[0m	service/main.go:56	(main) >> Creating store...
2024-08-02T18:06:05+03:00	[34mINFO[0m	store/store.go:24	(store) >> CreateEcom mysql adapter...
2024-08-02T18:06:05+03:00	[34mINFO[0m	store/store.go:29	(store) >> Create users storage...
2024-08-02T18:06:05+03:00	[34mINFO[0m	service/main.go:62	(main) >> Creating new user session...
2024-08-02T18:06:05+03:00	[34mINFO[0m	service/main.go:68	(main) >> Creating router...
2024-08-02T18:06:05+03:00	[34mINFO[0m	network/server.go:14	(network) >> Creating new server...
2024-08-02T18:06:05+03:00	[34mINFO[0m	network/network.go:16	(MW) >> Init CORS middleware...
2024-08-02T18:06:05+03:00	[34mINFO[0m	service/main.go:73	(main) >> Creating gpt...
2024-08-02T18:06:05+03:00	[34mINFO[0m	service/main.go:75	(main) >> Ready to cook
2024-08-02T18:06:05+03:00	[34mINFO[0m	websocket/websocket.go:40	(ws) >> Create new ws connection
2024-08-02T18:06:12+03:00	[31mERROR[0m	network/network.go:45	http preprocess error	{"err_string": "err response generated by server. err unknown path"}
2024-08-02T18:06:34+03:00	[31mERROR[0m	network/network.go:45	http preprocess error	{"err_string": "err response generated by server. err unknown path"}
2024-08-02T18:07:46+03:00	[34mINFO[0m	service/main.go:44	(main) >> Got os signal	{"signal": "interrupt"}
2024-08-02T18:07:46+03:00	[34mINFO[0m	service/main.go:79	(main) >> Shutting down...
2024-08-02T18:07:49+03:00	[34mINFO[0m	service/main.go:54	(main) >> Starting app...
2024-08-02T18:07:49+03:00	[34mINFO[0m	service/main.go:56	(main) >> Creating store...
2024-08-02T18:07:49+03:00	[34mINFO[0m	store/store.go:24	(store) >> CreateEcom mysql adapter...
2024-08-02T18:07:49+03:00	[34mINFO[0m	store/store.go:29	(store) >> Create users storage...
2024-08-02T18:07:49+03:00	[34mINFO[0m	service/main.go:62	(main) >> Creating new user session...
2024-08-02T18:07:49+03:00	[34mINFO[0m	service/main.go:68	(main) >> Creating router...
2024-08-02T18:07:49+03:00	[34mINFO[0m	network/server.go:14	(network) >> Creating new server...
2024-08-02T18:07:49+03:00	[34mINFO[0m	network/network.go:16	(MW) >> Init CORS middleware...
2024-08-02T18:07:49+03:00	[34mINFO[0m	service/main.go:73	(main) >> Creating gpt...
2024-08-02T18:07:49+03:00	[34mINFO[0m	websocket/websocket.go:40	(ws) >> Create new ws connection
2024-08-02T18:07:49+03:00	[34mINFO[0m	service/main.go:75	(main) >> Ready to cook
2024-08-02T18:18:44+03:00	[34mINFO[0m	service/main.go:44	(main) >> Got os signal	{"signal": "interrupt"}
2024-08-02T18:18:44+03:00	[34mINFO[0m	service/main.go:79	(main) >> Shutting down...
2024-08-02T18:48:19+03:00	[34mINFO[0m	service/main.go:54	(main) >> Starting app...
2024-08-02T18:48:19+03:00	[34mINFO[0m	service/main.go:56	(main) >> Creating store...
2024-08-02T18:48:19+03:00	[34mINFO[0m	store/store.go:24	(store) >> CreateEcom mysql adapter...
2024-08-02T18:48:19+03:00	[34mINFO[0m	store/store.go:29	(store) >> Create users storage...
2024-08-02T18:48:19+03:00	[34mINFO[0m	service/main.go:62	(main) >> Creating new user session...
2024-08-02T18:48:19+03:00	[34mINFO[0m	service/main.go:68	(main) >> Creating router...
2024-08-02T18:48:19+03:00	[34mINFO[0m	network/server.go:14	(network) >> Creating new server...
2024-08-02T18:48:19+03:00	[34mINFO[0m	network/network.go:16	(MW) >> Init CORS middleware...
2024-08-02T18:48:19+03:00	[34mINFO[0m	service/main.go:73	(main) >> Creating gpt...
2024-08-02T18:48:19+03:00	[34mINFO[0m	websocket/websocket.go:40	(ws) >> Create new ws connection
2024-08-02T18:48:19+03:00	[34mINFO[0m	service/main.go:75	(main) >> Ready to cook
2024-08-02T18:53:36+03:00	[31mERROR[0m	network/network.go:45	http preprocess error	{"err_string": "err response generated by server. err empty message"}
2024-08-02T19:37:28+03:00	[34mINFO[0m	service/main.go:44	(main) >> Got os signal	{"signal": "interrupt"}
2024-08-02T19:37:28+03:00	[34mINFO[0m	service/main.go:79	(main) >> Shutting down...
2024-08-02T19:37:33+03:00	[34mINFO[0m	service/main.go:54	(main) >> Starting app...
2024-08-02T19:37:33+03:00	[34mINFO[0m	service/main.go:56	(main) >> Creating store...
2024-08-02T19:37:33+03:00	[34mINFO[0m	store/store.go:24	(store) >> CreateEcom mysql adapter...
2024-08-02T19:37:33+03:00	[34mINFO[0m	store/store.go:29	(store) >> Create users storage...
2024-08-02T19:37:33+03:00	[34mINFO[0m	service/main.go:62	(main) >> Creating new user session...
2024-08-02T19:37:33+03:00	[34mINFO[0m	service/main.go:68	(main) >> Creating router...
2024-08-02T19:37:33+03:00	[34mINFO[0m	network/server.go:14	(network) >> Creating new server...
2024-08-02T19:37:33+03:00	[34mINFO[0m	network/network.go:16	(MW) >> Init CORS middleware...
2024-08-02T19:37:33+03:00	[34mINFO[0m	service/main.go:73	(main) >> Creating gpt...
2024-08-02T19:37:33+03:00	[34mINFO[0m	service/main.go:75	(main) >> Ready to cook
2024-08-02T19:37:33+03:00	[34mINFO[0m	websocket/websocket.go:40	(ws) >> Create new ws connection
2024-08-02T19:38:05+03:00	[31mERROR[0m	network/network.go:45	http preprocess error	{"err_string": "failed to decode body: invalid character '\"' after object key:value pair"}
2024-08-02T19:38:11+03:00	[34mINFO[0m	profile/setters.go:45	New user created	{"name": "dasadasd"}
2024-08-02T20:23:11+03:00	[34mINFO[0m	service/main.go:44	(main) >> Got os signal	{"signal": "interrupt"}
2024-08-02T20:23:11+03:00	[34mINFO[0m	service/main.go:79	(main) >> Shutting down...
2024-08-04T18:16:38+03:00	[34mINFO[0m	service/main.go:54	(main) >> Starting app...
2024-08-04T18:16:38+03:00	[34mINFO[0m	service/main.go:56	(main) >> Creating store...
2024-08-04T18:16:38+03:00	[34mINFO[0m	store/store.go:24	(store) >> CreateEcom mysql adapter...
2024-08-04T18:16:38+03:00	[34mINFO[0m	store/store.go:29	(store) >> Create users storage...
2024-08-04T18:16:38+03:00	[34mINFO[0m	service/main.go:62	(main) >> Creating new user session...
2024-08-04T18:16:38+03:00	[34mINFO[0m	service/main.go:68	(main) >> Creating router...
2024-08-04T18:16:38+03:00	[34mINFO[0m	network/server.go:14	(network) >> Creating new server...
2024-08-04T18:16:38+03:00	[34mINFO[0m	network/network.go:17	(MW) >> Init CORS middleware...
2024-08-04T18:16:38+03:00	[34mINFO[0m	service/main.go:73	(main) >> Creating gpt...
2024-08-04T18:16:38+03:00	[34mINFO[0m	service/main.go:75	(main) >> Ready to cook
2024-08-04T18:16:38+03:00	[34mINFO[0m	websocket/websocket.go:40	(ws) >> Create new ws connection
2024-08-04T18:22:58+03:00	[34mINFO[0m	service/main.go:44	(main) >> Got os signal	{"signal": "interrupt"}
2024-08-04T18:22:58+03:00	[34mINFO[0m	service/main.go:79	(main) >> Shutting down...
2024-08-04T18:23:47+03:00	[34mINFO[0m	service/main.go:54	(main) >> Starting app...
2024-08-04T18:23:47+03:00	[34mINFO[0m	service/main.go:56	(main) >> Creating store...
2024-08-04T18:23:47+03:00	[34mINFO[0m	store/store.go:24	(store) >> CreateEcom mysql adapter...
2024-08-04T18:23:47+03:00	[34mINFO[0m	store/store.go:29	(store) >> Create users storage...
2024-08-04T18:23:47+03:00	[34mINFO[0m	service/main.go:62	(main) >> Creating new user session...
2024-08-04T18:23:47+03:00	[34mINFO[0m	service/main.go:68	(main) >> Creating router...
2024-08-04T18:23:47+03:00	[34mINFO[0m	network/server.go:14	(network) >> Creating new server...
2024-08-04T18:23:47+03:00	[34mINFO[0m	network/network.go:17	(MW) >> Init CORS middleware...
2024-08-04T18:23:47+03:00	[34mINFO[0m	service/main.go:73	(main) >> Creating gpt...
2024-08-04T18:23:47+03:00	[34mINFO[0m	websocket/websocket.go:40	(ws) >> Create new ws connection
2024-08-04T18:23:47+03:00	[34mINFO[0m	service/main.go:75	(main) >> Ready to cook
2024-08-04T18:28:12+03:00	[34mINFO[0m	service/main.go:44	(main) >> Got os signal	{"signal": "interrupt"}
2024-08-04T18:28:12+03:00	[34mINFO[0m	service/main.go:79	(main) >> Shutting down...
